This file contains any messages produced by compilers while
running configure, to aid debugging if configure makes a mistake.

It was created by configure, which was
generated by GNU Autoconf 2.69.  Invocation command line was

  $ ./configure --prefix=/home/jmf/projects/gamedev/cog_deps/arch32

## --------- ##
## Platform. ##
## --------- ##

hostname = jmf-ThinkPad-X61s
uname -m = i686
uname -r = 3.8.0-25-generic
uname -s = Linux
uname -v = #37-Ubuntu SMP Thu Jun 6 20:47:30 UTC 2013

/usr/bin/uname -p = unknown
/bin/uname -X     = unknown

/bin/arch              = unknown
/usr/bin/arch -k       = unknown
/usr/convex/getsysinfo = unknown
/usr/bin/hostinfo      = unknown
/bin/machine           = unknown
/usr/bin/oslevel       = unknown
/bin/universe          = unknown

PATH: /home/jmf/bin
PATH: /home/jmf/bin
PATH: /usr/lib/lightdm/lightdm
PATH: /usr/local/sbin
PATH: /usr/local/bin
PATH: /usr/sbin
PATH: /usr/bin
PATH: /sbin
PATH: /bin
PATH: /usr/games
PATH: /usr/local/games
PATH: /home/jmf/build/android/android-sdk-linux/platform-tools
PATH: /home/jmf/build/sshuttle
PATH: /home/jmf/build/emscripten


## ----------- ##
## Core tests. ##
## ----------- ##

configure:2703: checking build system type
configure:2717: result: i686-pc-linux-gnu
configure:2737: checking host system type
configure:2750: result: i686-pc-linux-gnu
configure:2791: checking how to print strings
configure:2818: result: printf
configure:2887: checking for gcc
configure:2903: found /usr/bin/gcc
configure:2914: result: gcc
configure:3143: checking for C compiler version
configure:3152: gcc --version >&5
gcc (Ubuntu/Linaro 4.7.3-1ubuntu1) 4.7.3
Copyright (C) 2012 Free Software Foundation, Inc.
This is free software; see the source for copying conditions.  There is NO
warranty; not even for MERCHANTABILITY or FITNESS FOR A PARTICULAR PURPOSE.

configure:3163: $? = 0
configure:3152: gcc -v >&5
Using built-in specs.
COLLECT_GCC=gcc
COLLECT_LTO_WRAPPER=/usr/lib/gcc/i686-linux-gnu/4.7/lto-wrapper
Target: i686-linux-gnu
Configured with: ../src/configure -v --with-pkgversion='Ubuntu/Linaro 4.7.3-1ubuntu1' --with-bugurl=file:///usr/share/doc/gcc-4.7/README.Bugs --enable-languages=c,c++,go,fortran,objc,obj-c++ --prefix=/usr --program-suffix=-4.7 --enable-shared --enable-linker-build-id --libexecdir=/usr/lib --without-included-gettext --enable-threads=posix --with-gxx-include-dir=/usr/include/c++/4.7 --libdir=/usr/lib --enable-nls --with-sysroot=/ --enable-clocale=gnu --enable-libstdcxx-debug --enable-libstdcxx-time=yes --enable-gnu-unique-object --enable-plugin --with-system-zlib --enable-objc-gc --enable-targets=all --with-cloog --enable-cloog-backend=ppl --disable-cloog-version-check --disable-ppl-version-check --enable-multiarch --disable-werror --with-arch-32=i686 --with-multilib-list=m32,m64,mx32 --with-tune=generic --enable-checking=release --build=i686-linux-gnu --host=i686-linux-gnu --target=i686-linux-gnu
Thread model: posix
gcc version 4.7.3 (Ubuntu/Linaro 4.7.3-1ubuntu1) 
configure:3163: $? = 0
configure:3152: gcc -V >&5
gcc: error: unrecognized command line option '-V'
gcc: fatal error: no input files
compilation terminated.
configure:3163: $? = 4
configure:3152: gcc -qversion >&5
gcc: error: unrecognized command line option '-qversion'
gcc: fatal error: no input files
compilation terminated.
configure:3163: $? = 4
configure:3183: checking whether the C compiler works
configure:3205: gcc    conftest.c  >&5
configure:3209: $? = 0
configure:3257: result: yes
configure:3260: checking for C compiler default output file name
configure:3262: result: a.out
configure:3268: checking for suffix of executables
configure:3275: gcc -o conftest    conftest.c  >&5
configure:3279: $? = 0
configure:3301: result: 
configure:3323: checking whether we are cross compiling
configure:3331: gcc -o conftest    conftest.c  >&5
configure:3335: $? = 0
configure:3342: ./conftest
configure:3346: $? = 0
configure:3361: result: no
configure:3366: checking for suffix of object files
configure:3388: gcc -c   conftest.c >&5
configure:3392: $? = 0
configure:3413: result: o
configure:3417: checking whether we are using the GNU C compiler
configure:3436: gcc -c   conftest.c >&5
configure:3436: $? = 0
configure:3445: result: yes
configure:3454: checking whether gcc accepts -g
configure:3474: gcc -c -g  conftest.c >&5
configure:3474: $? = 0
configure:3515: result: yes
configure:3532: checking for gcc option to accept ISO C89
configure:3595: gcc  -c -g -O2  conftest.c >&5
configure:3595: $? = 0
configure:3608: result: none needed
configure:3628: checking for a sed that does not truncate output
configure:3692: result: /bin/sed
configure:3710: checking for grep that handles long lines and -e
configure:3768: result: /bin/grep
configure:3773: checking for egrep
configure:3835: result: /bin/grep -E
configure:3840: checking for fgrep
configure:3902: result: /bin/grep -F
configure:3937: checking for ld used by gcc
configure:4004: result: /usr/bin/ld
configure:4011: checking if the linker (/usr/bin/ld) is GNU ld
configure:4026: result: yes
configure:4038: checking for BSD- or MS-compatible name lister (nm)
configure:4087: result: /usr/bin/nm -B
configure:4217: checking the name lister (/usr/bin/nm -B) interface
configure:4224: gcc -c -g -O2  conftest.c >&5
configure:4227: /usr/bin/nm -B "conftest.o"
configure:4230: output
00000000 B some_variable
configure:4237: result: BSD nm
configure:4240: checking whether ln -s works
configure:4244: result: yes
configure:4252: checking the maximum length of command line arguments
configure:4382: result: 1572864
configure:4399: checking whether the shell understands some XSI constructs
configure:4409: result: yes
configure:4413: checking whether the shell understands "+="
configure:4419: result: yes
configure:4454: checking how to convert i686-pc-linux-gnu file names to i686-pc-linux-gnu format
configure:4494: result: func_convert_file_noop
configure:4501: checking how to convert i686-pc-linux-gnu file names to toolchain format
configure:4521: result: func_convert_file_noop
configure:4528: checking for /usr/bin/ld option to reload object files
configure:4535: result: -r
configure:4609: checking for objdump
configure:4625: found /usr/bin/objdump
configure:4636: result: objdump
configure:4665: checking how to recognize dependent libraries
configure:4869: result: pass_all
configure:4954: checking for dlltool
configure:4984: result: no
configure:5011: checking how to associate runtime and link libraries
configure:5038: result: printf %s\n
configure:5099: checking for ar
configure:5115: found /usr/bin/ar
configure:5126: result: ar
configure:5163: checking for archiver @FILE support
configure:5180: gcc -c -g -O2  conftest.c >&5
configure:5180: $? = 0
configure:5183: ar cru libconftest.a @conftest.lst >&5
configure:5186: $? = 0
configure:5191: ar cru libconftest.a @conftest.lst >&5
ar: conftest.o: No such file or directory
configure:5194: $? = 1
configure:5206: result: @
configure:5264: checking for strip
configure:5280: found /usr/bin/strip
configure:5291: result: strip
configure:5363: checking for ranlib
configure:5379: found /usr/bin/ranlib
configure:5390: result: ranlib
configure:5467: checking for gawk
configure:5497: result: no
configure:5467: checking for mawk
configure:5483: found /usr/bin/mawk
configure:5494: result: mawk
configure:5534: checking command to parse /usr/bin/nm -B output from gcc object
configure:5654: gcc -c -g -O2  conftest.c >&5
configure:5657: $? = 0
configure:5661: /usr/bin/nm -B conftest.o \| sed -n -e 's/^.*[ ]\([ABCDGIRSTW][ABCDGIRSTW]*\)[ ][ ]*\([_A-Za-z][_A-Za-z0-9]*\)$/\1 \2 \2/p' | sed '/ __gnu_lto/d' \> conftest.nm
configure:5664: $? = 0
configure:5730: gcc -o conftest -g -O2   conftest.c conftstm.o >&5
configure:5733: $? = 0
configure:5771: result: ok
configure:5808: checking for sysroot
configure:5838: result: no
configure:6094: checking for mt
configure:6110: found /bin/mt
configure:6121: result: mt
configure:6144: checking if mt is a manifest tool
configure:6150: mt '-?'
configure:6158: result: no
configure:6800: checking how to run the C preprocessor
configure:6831: gcc -E  conftest.c
configure:6831: $? = 0
configure:6845: gcc -E  conftest.c
conftest.c:9:28: fatal error: ac_nonexistent.h: No such file or directory
compilation terminated.
configure:6845: $? = 1
configure: failed program was:
| /* confdefs.h */
| #define PACKAGE_NAME ""
| #define PACKAGE_TARNAME ""
| #define PACKAGE_VERSION ""
| #define PACKAGE_STRING ""
| #define PACKAGE_BUGREPORT ""
| #define PACKAGE_URL ""
| /* end confdefs.h.  */
| #include <ac_nonexistent.h>
configure:6870: result: gcc -E
configure:6890: gcc -E  conftest.c
configure:6890: $? = 0
configure:6904: gcc -E  conftest.c
conftest.c:9:28: fatal error: ac_nonexistent.h: No such file or directory
compilation terminated.
configure:6904: $? = 1
configure: failed program was:
| /* confdefs.h */
| #define PACKAGE_NAME ""
| #define PACKAGE_TARNAME ""
| #define PACKAGE_VERSION ""
| #define PACKAGE_STRING ""
| #define PACKAGE_BUGREPORT ""
| #define PACKAGE_URL ""
| /* end confdefs.h.  */
| #include <ac_nonexistent.h>
configure:6933: checking for ANSI C header files
configure:6953: gcc -c -g -O2  conftest.c >&5

## ---------------- ##
## Cache variables. ##
## ---------------- ##

ac_cv_build=i686-pc-linux-gnu
ac_cv_c_compiler_gnu=yes
ac_cv_env_CCC_set=
ac_cv_env_CCC_value=
ac_cv_env_CC_set=
ac_cv_env_CC_value=
ac_cv_env_CFLAGS_set=
ac_cv_env_CFLAGS_value=
ac_cv_env_CPPFLAGS_set=
ac_cv_env_CPPFLAGS_value=
ac_cv_env_CPP_set=
ac_cv_env_CPP_value=
ac_cv_env_CXXCPP_set=
ac_cv_env_CXXCPP_value=
ac_cv_env_CXXFLAGS_set=
ac_cv_env_CXXFLAGS_value=
ac_cv_env_CXX_set=
ac_cv_env_CXX_value=
ac_cv_env_LDFLAGS_set=
ac_cv_env_LDFLAGS_value=
ac_cv_env_LIBS_set=
ac_cv_env_LIBS_value=
ac_cv_env_XMKMF_set=
ac_cv_env_XMKMF_value=
ac_cv_env_build_alias_set=
ac_cv_env_build_alias_value=
ac_cv_env_host_alias_set=
ac_cv_env_host_alias_value=
ac_cv_env_target_alias_set=
ac_cv_env_target_alias_value=
ac_cv_host=i686-pc-linux-gnu
ac_cv_objext=o
ac_cv_path_EGREP='/bin/grep -E'
ac_cv_path_FGREP='/bin/grep -F'
ac_cv_path_GREP=/bin/grep
ac_cv_path_SED=/bin/sed
ac_cv_prog_AWK=mawk
ac_cv_prog_CPP='gcc -E'
ac_cv_prog_ac_ct_AR=ar
ac_cv_prog_ac_ct_CC=gcc
ac_cv_prog_ac_ct_MANIFEST_TOOL=mt
ac_cv_prog_ac_ct_OBJDUMP=objdump
ac_cv_prog_ac_ct_RANLIB=ranlib
ac_cv_prog_ac_ct_STRIP=strip
ac_cv_prog_cc_c89=
ac_cv_prog_cc_g=yes
lt_cv_ar_at_file=@
lt_cv_deplibs_check_method=pass_all
lt_cv_file_magic_cmd='$MAGIC_CMD'
lt_cv_file_magic_test_file=
lt_cv_ld_reload_flag=-r
lt_cv_nm_interface='BSD nm'
lt_cv_path_LD=/usr/bin/ld
lt_cv_path_NM='/usr/bin/nm -B'
lt_cv_path_mainfest_tool=no
lt_cv_prog_gnu_ld=yes
lt_cv_sharedlib_from_linklib_cmd='printf %s\n'
lt_cv_sys_global_symbol_pipe='sed -n -e '\''s/^.*[	 ]\([ABCDGIRSTW][ABCDGIRSTW]*\)[	 ][	 ]*\([_A-Za-z][_A-Za-z0-9]*\)$/\1 \2 \2/p'\'' | sed '\''/ __gnu_lto/d'\'''
lt_cv_sys_global_symbol_to_c_name_address='sed -n -e '\''s/^: \([^ ]*\)[ ]*$/  {\"\1\", (void *) 0},/p'\'' -e '\''s/^[ABCDGIRSTW]* \([^ ]*\) \([^ ]*\)$/  {"\2", (void *) \&\2},/p'\'''
lt_cv_sys_global_symbol_to_c_name_address_lib_prefix='sed -n -e '\''s/^: \([^ ]*\)[ ]*$/  {\"\1\", (void *) 0},/p'\'' -e '\''s/^[ABCDGIRSTW]* \([^ ]*\) \(lib[^ ]*\)$/  {"\2", (void *) \&\2},/p'\'' -e '\''s/^[ABCDGIRSTW]* \([^ ]*\) \([^ ]*\)$/  {"lib\2", (void *) \&\2},/p'\'''
lt_cv_sys_global_symbol_to_cdecl='sed -n -e '\''s/^T .* \(.*\)$/extern int \1();/p'\'' -e '\''s/^[ABCDGIRSTW]* .* \(.*\)$/extern char \1;/p'\'''
lt_cv_sys_max_cmd_len=1572864
lt_cv_to_host_file_cmd=func_convert_file_noop
lt_cv_to_tool_file_cmd=func_convert_file_noop

## ----------------- ##
## Output variables. ##
## ----------------- ##

ALLOCA=''
ALSA_CFLAGS=''
ALSA_LIBS=''
AR='ar'
ARTSCONFIG=''
AS=''
AWK='mawk'
BUILD_CFLAGS=''
BUILD_LDFLAGS=''
CC='gcc'
CFLAGS='-g -O2'
CPP='gcc -E'
CPPFLAGS=''
CXX=''
CXXCPP=''
CXXFLAGS=''
DEFS=''
DIRECTFBCONFIG=''
DLLTOOL='false'
DSYMUTIL=''
DUMPBIN=''
ECHO_C=''
ECHO_N='-n'
ECHO_T=''
EGREP='/bin/grep -E'
ENABLE_SHARED_FALSE=''
ENABLE_SHARED_TRUE=''
ENABLE_STATIC_FALSE=''
ENABLE_STATIC_TRUE=''
ESD_CFLAGS=''
ESD_CONFIG=''
ESD_LIBS=''
EXEEXT=''
EXTRA_CFLAGS=''
EXTRA_LDFLAGS=''
FGREP='/bin/grep -F'
GREP='/bin/grep'
INCLUDE=''
INSTALL_DATA=''
INSTALL_PROGRAM=''
INSTALL_SCRIPT=''
LD='/usr/bin/ld'
LDFLAGS=''
LIBOBJS=''
LIBS=''
LIBTOOL=''
LIPO=''
LN_S='ln -s'
LTLIBOBJS=''
LT_AGE=''
LT_CURRENT=''
LT_RELEASE=''
LT_REVISION=''
MANIFEST_TOOL=':'
NM='/usr/bin/nm -B'
NMEDIT=''
OBJDUMP='objdump'
OBJECTS=''
OBJEXT='o'
OTOOL64=''
OTOOL=''
PACKAGE_BUGREPORT=''
PACKAGE_NAME=''
PACKAGE_STRING=''
PACKAGE_TARNAME=''
PACKAGE_URL=''
PACKAGE_VERSION=''
PATH_SEPARATOR=':'
PKG_CONFIG=''
POW_LIB=''
RANLIB='ranlib'
SDLMAIN_OBJECTS=''
SDLTEST_OBJECTS=''
SDL_BINARY_AGE='0'
SDL_CFLAGS=''
SDL_INTERFACE_AGE='0'
SDL_LIBS=''
SDL_MAJOR_VERSION='2'
SDL_MICRO_VERSION='0'
SDL_MINOR_VERSION='0'
SDL_RLD_FLAGS=''
SDL_STATIC_LIBS=''
SDL_VERSION='2.0.0'
SED='/bin/sed'
SET_MAKE=''
SHELL='/bin/bash'
STRIP='strip'
VERSION_OBJECTS=''
WINDRES=''
XMKMF=''
X_CFLAGS=''
X_EXTRA_LIBS=''
X_LIBS=''
X_PRE_LIBS=''
ac_aux_dir='build-scripts'
ac_ct_AR='ar'
ac_ct_CC='gcc'
ac_ct_CXX=''
ac_ct_DUMPBIN=''
bindir='${exec_prefix}/bin'
build='i686-pc-linux-gnu'
build_alias=''
build_cpu='i686'
build_os='linux-gnu'
build_vendor='pc'
datadir='${datarootdir}'
datarootdir='${prefix}/share'
docdir='${datarootdir}/doc/${PACKAGE}'
dvidir='${docdir}'
exec_prefix='NONE'
host='i686-pc-linux-gnu'
host_alias=''
host_cpu='i686'
host_os='linux-gnu'
host_vendor='pc'
htmldir='${docdir}'
includedir='${prefix}/include'
infodir='${datarootdir}/info'
libdir='${exec_prefix}/lib'
libexecdir='${exec_prefix}/libexec'
localedir='${datarootdir}/locale'
localstatedir='${prefix}/var'
mandir='${datarootdir}/man'
oldincludedir='/usr/include'
pdfdir='${docdir}'
prefix='/home/jmf/projects/gamedev/cog_deps/arch32'
program_transform_name='s,x,x,'
psdir='${docdir}'
sbindir='${exec_prefix}/sbin'
sharedstatedir='${prefix}/com'
sysconfdir='${prefix}/etc'
target_alias=''

## ----------- ##
## confdefs.h. ##
## ----------- ##

/* confdefs.h */
#define PACKAGE_NAME ""
#define PACKAGE_TARNAME ""
#define PACKAGE_VERSION ""
#define PACKAGE_STRING ""
#define PACKAGE_BUGREPORT ""
#define PACKAGE_URL ""

configure: caught signal 2
configure: exit 1
